CRITICAL - 2024-12-18 05:27:04 --> CodeIgniter\View\Exceptions\ViewException: Invalid file: "homepage/layout/wrapper.php"
[Method: GET, Route: /]
in SYSTEMPATH/Exceptions/FrameworkException.php on line 41.
 1 SYSTEMPATH/View/View.php(222): CodeIgniter\Exceptions\FrameworkException::forInvalidFile()
 2 SYSTEMPATH/Common.php(1171): CodeIgniter\View\View->render()
 3 APPPATH/Controllers/Home.php(16): view()
 4 SYSTEMPATH/CodeIgniter.php(933): App\Controllers\Home->index()
 5 SYSTEMPATH/CodeIgniter.php(509): CodeIgniter\CodeIgniter->runController()
 6 SYSTEMPATH/CodeIgniter.php(355): CodeIgniter\CodeIgniter->handleRequest()
 7 SYSTEMPATH/Boot.php(325): CodeIgniter\CodeIgniter->run()
 8 SYSTEMPATH/Boot.php(67): CodeIgniter\Boot::runCodeIgniter()
 9 FCPATH/index.php(56): CodeIgniter\Boot::bootWeb()
10 SYSTEMPATH/rewrite.php(44): require_once('/home/mift4hus/Documents/kerjoan/satoshi-signal/public/index.php')
CRITICAL - 2024-12-18 05:27:23 --> CodeIgniter\View\Exceptions\ViewException: Invalid file: "homepage/layout/wrapper.php"
[Method: GET, Route: /]
in SYSTEMPATH/Exceptions/FrameworkException.php on line 41.
 1 SYSTEMPATH/View/View.php(222): CodeIgniter\Exceptions\FrameworkException::forInvalidFile()
 2 SYSTEMPATH/Common.php(1171): CodeIgniter\View\View->render()
 3 APPPATH/Controllers/Home.php(16): view()
 4 SYSTEMPATH/CodeIgniter.php(933): App\Controllers\Home->index()
 5 SYSTEMPATH/CodeIgniter.php(509): CodeIgniter\CodeIgniter->runController()
 6 SYSTEMPATH/CodeIgniter.php(355): CodeIgniter\CodeIgniter->handleRequest()
 7 SYSTEMPATH/Boot.php(325): CodeIgniter\CodeIgniter->run()
 8 SYSTEMPATH/Boot.php(67): CodeIgniter\Boot::runCodeIgniter()
 9 FCPATH/index.php(56): CodeIgniter\Boot::bootWeb()
10 SYSTEMPATH/rewrite.php(44): require_once('/home/mift4hus/Documents/kerjoan/satoshi-signal/public/index.php')
CRITICAL - 2024-12-18 05:28:32 --> CodeIgniter\View\Exceptions\ViewException: Invalid file: "homepage/layouts/wrapper.php"
[Method: GET, Route: /]
in SYSTEMPATH/Exceptions/FrameworkException.php on line 41.
 1 SYSTEMPATH/View/View.php(222): CodeIgniter\Exceptions\FrameworkException::forInvalidFile()
 2 SYSTEMPATH/Common.php(1171): CodeIgniter\View\View->render()
 3 APPPATH/Controllers/Home.php(9): view()
 4 SYSTEMPATH/CodeIgniter.php(933): App\Controllers\Home->index()
 5 SYSTEMPATH/CodeIgniter.php(509): CodeIgniter\CodeIgniter->runController()
 6 SYSTEMPATH/CodeIgniter.php(355): CodeIgniter\CodeIgniter->handleRequest()
 7 SYSTEMPATH/Boot.php(325): CodeIgniter\CodeIgniter->run()
 8 SYSTEMPATH/Boot.php(67): CodeIgniter\Boot::runCodeIgniter()
 9 FCPATH/index.php(56): CodeIgniter\Boot::bootWeb()
10 SYSTEMPATH/rewrite.php(44): require_once('/home/mift4hus/Documents/kerjoan/satoshi-signal/public/index.php')
CRITICAL - 2024-12-18 05:28:44 --> CodeIgniter\View\Exceptions\ViewException: Invalid file: "homepage/layout/wrapper.php"
[Method: GET, Route: /]
in SYSTEMPATH/Exceptions/FrameworkException.php on line 41.
 1 SYSTEMPATH/View/View.php(222): CodeIgniter\Exceptions\FrameworkException::forInvalidFile()
 2 SYSTEMPATH/Common.php(1171): CodeIgniter\View\View->render()
 3 APPPATH/Controllers/Home.php(9): view()
 4 SYSTEMPATH/CodeIgniter.php(933): App\Controllers\Home->index()
 5 SYSTEMPATH/CodeIgniter.php(509): CodeIgniter\CodeIgniter->runController()
 6 SYSTEMPATH/CodeIgniter.php(355): CodeIgniter\CodeIgniter->handleRequest()
 7 SYSTEMPATH/Boot.php(325): CodeIgniter\CodeIgniter->run()
 8 SYSTEMPATH/Boot.php(67): CodeIgniter\Boot::runCodeIgniter()
 9 FCPATH/index.php(56): CodeIgniter\Boot::bootWeb()
10 SYSTEMPATH/rewrite.php(44): require_once('/home/mift4hus/Documents/kerjoan/satoshi-signal/public/index.php')
CRITICAL - 2024-12-18 05:28:45 --> CodeIgniter\View\Exceptions\ViewException: Invalid file: "homepage/layout/wrapper.php"
[Method: GET, Route: /]
in SYSTEMPATH/Exceptions/FrameworkException.php on line 41.
 1 SYSTEMPATH/View/View.php(222): CodeIgniter\Exceptions\FrameworkException::forInvalidFile()
 2 SYSTEMPATH/Common.php(1171): CodeIgniter\View\View->render()
 3 APPPATH/Controllers/Home.php(9): view()
 4 SYSTEMPATH/CodeIgniter.php(933): App\Controllers\Home->index()
 5 SYSTEMPATH/CodeIgniter.php(509): CodeIgniter\CodeIgniter->runController()
 6 SYSTEMPATH/CodeIgniter.php(355): CodeIgniter\CodeIgniter->handleRequest()
 7 SYSTEMPATH/Boot.php(325): CodeIgniter\CodeIgniter->run()
 8 SYSTEMPATH/Boot.php(67): CodeIgniter\Boot::runCodeIgniter()
 9 FCPATH/index.php(56): CodeIgniter\Boot::bootWeb()
10 SYSTEMPATH/rewrite.php(44): require_once('/home/mift4hus/Documents/kerjoan/satoshi-signal/public/index.php')
CRITICAL - 2024-12-18 05:28:45 --> CodeIgniter\View\Exceptions\ViewException: Invalid file: "homepage/layout/wrapper.php"
[Method: GET, Route: /]
in SYSTEMPATH/Exceptions/FrameworkException.php on line 41.
 1 SYSTEMPATH/View/View.php(222): CodeIgniter\Exceptions\FrameworkException::forInvalidFile()
 2 SYSTEMPATH/Common.php(1171): CodeIgniter\View\View->render()
 3 APPPATH/Controllers/Home.php(9): view()
 4 SYSTEMPATH/CodeIgniter.php(933): App\Controllers\Home->index()
 5 SYSTEMPATH/CodeIgniter.php(509): CodeIgniter\CodeIgniter->runController()
 6 SYSTEMPATH/CodeIgniter.php(355): CodeIgniter\CodeIgniter->handleRequest()
 7 SYSTEMPATH/Boot.php(325): CodeIgniter\CodeIgniter->run()
 8 SYSTEMPATH/Boot.php(67): CodeIgniter\Boot::runCodeIgniter()
 9 FCPATH/index.php(56): CodeIgniter\Boot::bootWeb()
10 SYSTEMPATH/rewrite.php(44): require_once('/home/mift4hus/Documents/kerjoan/satoshi-signal/public/index.php')
CRITICAL - 2024-12-18 05:28:45 --> CodeIgniter\View\Exceptions\ViewException: Invalid file: "homepage/layout/wrapper.php"
[Method: GET, Route: /]
in SYSTEMPATH/Exceptions/FrameworkException.php on line 41.
 1 SYSTEMPATH/View/View.php(222): CodeIgniter\Exceptions\FrameworkException::forInvalidFile()
 2 SYSTEMPATH/Common.php(1171): CodeIgniter\View\View->render()
 3 APPPATH/Controllers/Home.php(9): view()
 4 SYSTEMPATH/CodeIgniter.php(933): App\Controllers\Home->index()
 5 SYSTEMPATH/CodeIgniter.php(509): CodeIgniter\CodeIgniter->runController()
 6 SYSTEMPATH/CodeIgniter.php(355): CodeIgniter\CodeIgniter->handleRequest()
 7 SYSTEMPATH/Boot.php(325): CodeIgniter\CodeIgniter->run()
 8 SYSTEMPATH/Boot.php(67): CodeIgniter\Boot::runCodeIgniter()
 9 FCPATH/index.php(56): CodeIgniter\Boot::bootWeb()
10 SYSTEMPATH/rewrite.php(44): require_once('/home/mift4hus/Documents/kerjoan/satoshi-signal/public/index.php')
CRITICAL - 2024-12-18 05:28:45 --> CodeIgniter\View\Exceptions\ViewException: Invalid file: "homepage/layout/wrapper.php"
[Method: GET, Route: /]
in SYSTEMPATH/Exceptions/FrameworkException.php on line 41.
 1 SYSTEMPATH/View/View.php(222): CodeIgniter\Exceptions\FrameworkException::forInvalidFile()
 2 SYSTEMPATH/Common.php(1171): CodeIgniter\View\View->render()
 3 APPPATH/Controllers/Home.php(9): view()
 4 SYSTEMPATH/CodeIgniter.php(933): App\Controllers\Home->index()
 5 SYSTEMPATH/CodeIgniter.php(509): CodeIgniter\CodeIgniter->runController()
 6 SYSTEMPATH/CodeIgniter.php(355): CodeIgniter\CodeIgniter->handleRequest()
 7 SYSTEMPATH/Boot.php(325): CodeIgniter\CodeIgniter->run()
 8 SYSTEMPATH/Boot.php(67): CodeIgniter\Boot::runCodeIgniter()
 9 FCPATH/index.php(56): CodeIgniter\Boot::bootWeb()
10 SYSTEMPATH/rewrite.php(44): require_once('/home/mift4hus/Documents/kerjoan/satoshi-signal/public/index.php')
CRITICAL - 2024-12-18 05:28:45 --> CodeIgniter\View\Exceptions\ViewException: Invalid file: "homepage/layout/wrapper.php"
[Method: GET, Route: /]
in SYSTEMPATH/Exceptions/FrameworkException.php on line 41.
 1 SYSTEMPATH/View/View.php(222): CodeIgniter\Exceptions\FrameworkException::forInvalidFile()
 2 SYSTEMPATH/Common.php(1171): CodeIgniter\View\View->render()
 3 APPPATH/Controllers/Home.php(9): view()
 4 SYSTEMPATH/CodeIgniter.php(933): App\Controllers\Home->index()
 5 SYSTEMPATH/CodeIgniter.php(509): CodeIgniter\CodeIgniter->runController()
 6 SYSTEMPATH/CodeIgniter.php(355): CodeIgniter\CodeIgniter->handleRequest()
 7 SYSTEMPATH/Boot.php(325): CodeIgniter\CodeIgniter->run()
 8 SYSTEMPATH/Boot.php(67): CodeIgniter\Boot::runCodeIgniter()
 9 FCPATH/index.php(56): CodeIgniter\Boot::bootWeb()
10 SYSTEMPATH/rewrite.php(44): require_once('/home/mift4hus/Documents/kerjoan/satoshi-signal/public/index.php')
CRITICAL - 2024-12-18 05:29:30 --> CodeIgniter\View\Exceptions\ViewException: Invalid file: "homepage/layout/wrapper.php"
[Method: GET, Route: /]
in SYSTEMPATH/Exceptions/FrameworkException.php on line 41.
 1 SYSTEMPATH/View/View.php(222): CodeIgniter\Exceptions\FrameworkException::forInvalidFile()
 2 SYSTEMPATH/Common.php(1171): CodeIgniter\View\View->render()
 3 APPPATH/Controllers/Home.php(9): view()
 4 SYSTEMPATH/CodeIgniter.php(933): App\Controllers\Home->index()
 5 SYSTEMPATH/CodeIgniter.php(509): CodeIgniter\CodeIgniter->runController()
 6 SYSTEMPATH/CodeIgniter.php(355): CodeIgniter\CodeIgniter->handleRequest()
 7 SYSTEMPATH/Boot.php(325): CodeIgniter\CodeIgniter->run()
 8 SYSTEMPATH/Boot.php(67): CodeIgniter\Boot::runCodeIgniter()
 9 FCPATH/index.php(56): CodeIgniter\Boot::bootWeb()
10 SYSTEMPATH/rewrite.php(44): require_once('/home/mift4hus/Documents/kerjoan/satoshi-signal/public/index.php')
CRITICAL - 2024-12-18 05:29:31 --> CodeIgniter\View\Exceptions\ViewException: Invalid file: "homepage/layout/wrapper.php"
[Method: GET, Route: /]
in SYSTEMPATH/Exceptions/FrameworkException.php on line 41.
 1 SYSTEMPATH/View/View.php(222): CodeIgniter\Exceptions\FrameworkException::forInvalidFile()
 2 SYSTEMPATH/Common.php(1171): CodeIgniter\View\View->render()
 3 APPPATH/Controllers/Home.php(9): view()
 4 SYSTEMPATH/CodeIgniter.php(933): App\Controllers\Home->index()
 5 SYSTEMPATH/CodeIgniter.php(509): CodeIgniter\CodeIgniter->runController()
 6 SYSTEMPATH/CodeIgniter.php(355): CodeIgniter\CodeIgniter->handleRequest()
 7 SYSTEMPATH/Boot.php(325): CodeIgniter\CodeIgniter->run()
 8 SYSTEMPATH/Boot.php(67): CodeIgniter\Boot::runCodeIgniter()
 9 FCPATH/index.php(56): CodeIgniter\Boot::bootWeb()
10 SYSTEMPATH/rewrite.php(44): require_once('/home/mift4hus/Documents/kerjoan/satoshi-signal/public/index.php')
CRITICAL - 2024-12-18 05:29:32 --> CodeIgniter\View\Exceptions\ViewException: Invalid file: "homepage/layout/wrapper.php"
[Method: GET, Route: /]
in SYSTEMPATH/Exceptions/FrameworkException.php on line 41.
 1 SYSTEMPATH/View/View.php(222): CodeIgniter\Exceptions\FrameworkException::forInvalidFile()
 2 SYSTEMPATH/Common.php(1171): CodeIgniter\View\View->render()
 3 APPPATH/Controllers/Home.php(9): view()
 4 SYSTEMPATH/CodeIgniter.php(933): App\Controllers\Home->index()
 5 SYSTEMPATH/CodeIgniter.php(509): CodeIgniter\CodeIgniter->runController()
 6 SYSTEMPATH/CodeIgniter.php(355): CodeIgniter\CodeIgniter->handleRequest()
 7 SYSTEMPATH/Boot.php(325): CodeIgniter\CodeIgniter->run()
 8 SYSTEMPATH/Boot.php(67): CodeIgniter\Boot::runCodeIgniter()
 9 FCPATH/index.php(56): CodeIgniter\Boot::bootWeb()
10 SYSTEMPATH/rewrite.php(44): require_once('/home/mift4hus/Documents/kerjoan/satoshi-signal/public/index.php')
CRITICAL - 2024-12-18 05:29:32 --> CodeIgniter\View\Exceptions\ViewException: Invalid file: "homepage/layout/wrapper.php"
[Method: GET, Route: /]
in SYSTEMPATH/Exceptions/FrameworkException.php on line 41.
 1 SYSTEMPATH/View/View.php(222): CodeIgniter\Exceptions\FrameworkException::forInvalidFile()
 2 SYSTEMPATH/Common.php(1171): CodeIgniter\View\View->render()
 3 APPPATH/Controllers/Home.php(9): view()
 4 SYSTEMPATH/CodeIgniter.php(933): App\Controllers\Home->index()
 5 SYSTEMPATH/CodeIgniter.php(509): CodeIgniter\CodeIgniter->runController()
 6 SYSTEMPATH/CodeIgniter.php(355): CodeIgniter\CodeIgniter->handleRequest()
 7 SYSTEMPATH/Boot.php(325): CodeIgniter\CodeIgniter->run()
 8 SYSTEMPATH/Boot.php(67): CodeIgniter\Boot::runCodeIgniter()
 9 FCPATH/index.php(56): CodeIgniter\Boot::bootWeb()
10 SYSTEMPATH/rewrite.php(44): require_once('/home/mift4hus/Documents/kerjoan/satoshi-signal/public/index.php')
CRITICAL - 2024-12-18 05:29:32 --> CodeIgniter\View\Exceptions\ViewException: Invalid file: "homepage/layout/wrapper.php"
[Method: GET, Route: /]
in SYSTEMPATH/Exceptions/FrameworkException.php on line 41.
 1 SYSTEMPATH/View/View.php(222): CodeIgniter\Exceptions\FrameworkException::forInvalidFile()
 2 SYSTEMPATH/Common.php(1171): CodeIgniter\View\View->render()
 3 APPPATH/Controllers/Home.php(9): view()
 4 SYSTEMPATH/CodeIgniter.php(933): App\Controllers\Home->index()
 5 SYSTEMPATH/CodeIgniter.php(509): CodeIgniter\CodeIgniter->runController()
 6 SYSTEMPATH/CodeIgniter.php(355): CodeIgniter\CodeIgniter->handleRequest()
 7 SYSTEMPATH/Boot.php(325): CodeIgniter\CodeIgniter->run()
 8 SYSTEMPATH/Boot.php(67): CodeIgniter\Boot::runCodeIgniter()
 9 FCPATH/index.php(56): CodeIgniter\Boot::bootWeb()
10 SYSTEMPATH/rewrite.php(44): require_once('/home/mift4hus/Documents/kerjoan/satoshi-signal/public/index.php')
CRITICAL - 2024-12-18 05:29:32 --> CodeIgniter\View\Exceptions\ViewException: Invalid file: "homepage/layout/wrapper.php"
[Method: GET, Route: /]
in SYSTEMPATH/Exceptions/FrameworkException.php on line 41.
 1 SYSTEMPATH/View/View.php(222): CodeIgniter\Exceptions\FrameworkException::forInvalidFile()
 2 SYSTEMPATH/Common.php(1171): CodeIgniter\View\View->render()
 3 APPPATH/Controllers/Home.php(9): view()
 4 SYSTEMPATH/CodeIgniter.php(933): App\Controllers\Home->index()
 5 SYSTEMPATH/CodeIgniter.php(509): CodeIgniter\CodeIgniter->runController()
 6 SYSTEMPATH/CodeIgniter.php(355): CodeIgniter\CodeIgniter->handleRequest()
 7 SYSTEMPATH/Boot.php(325): CodeIgniter\CodeIgniter->run()
 8 SYSTEMPATH/Boot.php(67): CodeIgniter\Boot::runCodeIgniter()
 9 FCPATH/index.php(56): CodeIgniter\Boot::bootWeb()
10 SYSTEMPATH/rewrite.php(44): require_once('/home/mift4hus/Documents/kerjoan/satoshi-signal/public/index.php')
CRITICAL - 2024-12-18 05:29:33 --> CodeIgniter\View\Exceptions\ViewException: Invalid file: "homepage/layout/wrapper.php"
[Method: GET, Route: /]
in SYSTEMPATH/Exceptions/FrameworkException.php on line 41.
 1 SYSTEMPATH/View/View.php(222): CodeIgniter\Exceptions\FrameworkException::forInvalidFile()
 2 SYSTEMPATH/Common.php(1171): CodeIgniter\View\View->render()
 3 APPPATH/Controllers/Home.php(9): view()
 4 SYSTEMPATH/CodeIgniter.php(933): App\Controllers\Home->index()
 5 SYSTEMPATH/CodeIgniter.php(509): CodeIgniter\CodeIgniter->runController()
 6 SYSTEMPATH/CodeIgniter.php(355): CodeIgniter\CodeIgniter->handleRequest()
 7 SYSTEMPATH/Boot.php(325): CodeIgniter\CodeIgniter->run()
 8 SYSTEMPATH/Boot.php(67): CodeIgniter\Boot::runCodeIgniter()
 9 FCPATH/index.php(56): CodeIgniter\Boot::bootWeb()
10 SYSTEMPATH/rewrite.php(44): require_once('/home/mift4hus/Documents/kerjoan/satoshi-signal/public/index.php')
CRITICAL - 2024-12-18 05:29:33 --> CodeIgniter\View\Exceptions\ViewException: Invalid file: "homepage/layout/wrapper.php"
[Method: GET, Route: /]
in SYSTEMPATH/Exceptions/FrameworkException.php on line 41.
 1 SYSTEMPATH/View/View.php(222): CodeIgniter\Exceptions\FrameworkException::forInvalidFile()
 2 SYSTEMPATH/Common.php(1171): CodeIgniter\View\View->render()
 3 APPPATH/Controllers/Home.php(9): view()
 4 SYSTEMPATH/CodeIgniter.php(933): App\Controllers\Home->index()
 5 SYSTEMPATH/CodeIgniter.php(509): CodeIgniter\CodeIgniter->runController()
 6 SYSTEMPATH/CodeIgniter.php(355): CodeIgniter\CodeIgniter->handleRequest()
 7 SYSTEMPATH/Boot.php(325): CodeIgniter\CodeIgniter->run()
 8 SYSTEMPATH/Boot.php(67): CodeIgniter\Boot::runCodeIgniter()
 9 FCPATH/index.php(56): CodeIgniter\Boot::bootWeb()
10 SYSTEMPATH/rewrite.php(44): require_once('/home/mift4hus/Documents/kerjoan/satoshi-signal/public/index.php')
CRITICAL - 2024-12-18 05:29:33 --> CodeIgniter\View\Exceptions\ViewException: Invalid file: "homepage/layout/wrapper.php"
[Method: GET, Route: /]
in SYSTEMPATH/Exceptions/FrameworkException.php on line 41.
 1 SYSTEMPATH/View/View.php(222): CodeIgniter\Exceptions\FrameworkException::forInvalidFile()
 2 SYSTEMPATH/Common.php(1171): CodeIgniter\View\View->render()
 3 APPPATH/Controllers/Home.php(9): view()
 4 SYSTEMPATH/CodeIgniter.php(933): App\Controllers\Home->index()
 5 SYSTEMPATH/CodeIgniter.php(509): CodeIgniter\CodeIgniter->runController()
 6 SYSTEMPATH/CodeIgniter.php(355): CodeIgniter\CodeIgniter->handleRequest()
 7 SYSTEMPATH/Boot.php(325): CodeIgniter\CodeIgniter->run()
 8 SYSTEMPATH/Boot.php(67): CodeIgniter\Boot::runCodeIgniter()
 9 FCPATH/index.php(56): CodeIgniter\Boot::bootWeb()
10 SYSTEMPATH/rewrite.php(44): require_once('/home/mift4hus/Documents/kerjoan/satoshi-signal/public/index.php')
CRITICAL - 2024-12-18 05:30:34 --> ErrorException: Undefined variable $title
[Method: GET, Route: /]
in APPPATH/Views/homepage/layout/header.php on line 7.
 1 APPPATH/Views/homepage/layout/header.php(7): CodeIgniter\Debug\Exceptions->errorHandler()
 2 APPPATH/Views/homepage/layout/wrapper.php(2): require_once('/home/mift4hus/Documents/kerjoan/satoshi-signal/app/Views/homepage/layout/header.php')
 3 SYSTEMPATH/View/View.php(234): include('/home/mift4hus/Documents/kerjoan/satoshi-signal/app/Views/homepage/layout/wrapper.php')
 4 SYSTEMPATH/View/View.php(237): CodeIgniter\View\View->CodeIgniter\View\{closure}()
 5 SYSTEMPATH/Common.php(1171): CodeIgniter\View\View->render()
 6 APPPATH/Controllers/Home.php(9): view()
 7 SYSTEMPATH/CodeIgniter.php(933): App\Controllers\Home->index()
 8 SYSTEMPATH/CodeIgniter.php(509): CodeIgniter\CodeIgniter->runController()
 9 SYSTEMPATH/CodeIgniter.php(355): CodeIgniter\CodeIgniter->handleRequest()
10 SYSTEMPATH/Boot.php(325): CodeIgniter\CodeIgniter->run()
11 SYSTEMPATH/Boot.php(67): CodeIgniter\Boot::runCodeIgniter()
12 FCPATH/index.php(56): CodeIgniter\Boot::bootWeb()
13 SYSTEMPATH/rewrite.php(44): require_once('/home/mift4hus/Documents/kerjoan/satoshi-signal/public/index.php')
CRITICAL - 2024-12-18 05:31:06 --> ErrorException: Undefined variable $title
[Method: GET, Route: /]
in APPPATH/Views/homepage/layout/header.php on line 7.
 1 APPPATH/Views/homepage/layout/header.php(7): CodeIgniter\Debug\Exceptions->errorHandler()
 2 APPPATH/Views/homepage/layout/wrapper.php(2): require_once('/home/mift4hus/Documents/kerjoan/satoshi-signal/app/Views/homepage/layout/header.php')
 3 SYSTEMPATH/View/View.php(234): include('/home/mift4hus/Documents/kerjoan/satoshi-signal/app/Views/homepage/layout/wrapper.php')
 4 SYSTEMPATH/View/View.php(237): CodeIgniter\View\View->CodeIgniter\View\{closure}()
 5 SYSTEMPATH/Common.php(1171): CodeIgniter\View\View->render()
 6 APPPATH/Controllers/Home.php(9): view()
 7 SYSTEMPATH/CodeIgniter.php(933): App\Controllers\Home->index()
 8 SYSTEMPATH/CodeIgniter.php(509): CodeIgniter\CodeIgniter->runController()
 9 SYSTEMPATH/CodeIgniter.php(355): CodeIgniter\CodeIgniter->handleRequest()
10 SYSTEMPATH/Boot.php(325): CodeIgniter\CodeIgniter->run()
11 SYSTEMPATH/Boot.php(67): CodeIgniter\Boot::runCodeIgniter()
12 FCPATH/index.php(56): CodeIgniter\Boot::bootWeb()
13 SYSTEMPATH/rewrite.php(44): require_once('/home/mift4hus/Documents/kerjoan/satoshi-signal/public/index.php')
CRITICAL - 2024-12-18 05:31:56 --> CodeIgniter\View\Exceptions\ViewException: Invalid file: "homepage/layout/in.php"
[Method: GET, Route: /]
in SYSTEMPATH/Exceptions/FrameworkException.php on line 41.
 1 SYSTEMPATH/View/View.php(222): CodeIgniter\Exceptions\FrameworkException::forInvalidFile()
 2 SYSTEMPATH/Common.php(1171): CodeIgniter\View\View->render()
 3 APPPATH/Controllers/Home.php(9): view()
 4 SYSTEMPATH/CodeIgniter.php(933): App\Controllers\Home->index()
 5 SYSTEMPATH/CodeIgniter.php(509): CodeIgniter\CodeIgniter->runController()
 6 SYSTEMPATH/CodeIgniter.php(355): CodeIgniter\CodeIgniter->handleRequest()
 7 SYSTEMPATH/Boot.php(325): CodeIgniter\CodeIgniter->run()
 8 SYSTEMPATH/Boot.php(67): CodeIgniter\Boot::runCodeIgniter()
 9 FCPATH/index.php(56): CodeIgniter\Boot::bootWeb()
10 SYSTEMPATH/rewrite.php(44): require_once('/home/mift4hus/Documents/kerjoan/satoshi-signal/public/index.php')
CRITICAL - 2024-12-18 05:32:06 --> ErrorException: Undefined variable $title
[Method: GET, Route: /]
in APPPATH/Views/homepage/layout/header.php on line 7.
 1 APPPATH/Views/homepage/layout/header.php(7): CodeIgniter\Debug\Exceptions->errorHandler()
 2 APPPATH/Views/homepage/layout/wrapper.php(2): require_once('/home/mift4hus/Documents/kerjoan/satoshi-signal/app/Views/homepage/layout/header.php')
 3 SYSTEMPATH/View/View.php(234): include('/home/mift4hus/Documents/kerjoan/satoshi-signal/app/Views/homepage/layout/wrapper.php')
 4 SYSTEMPATH/View/View.php(237): CodeIgniter\View\View->CodeIgniter\View\{closure}()
 5 SYSTEMPATH/Common.php(1171): CodeIgniter\View\View->render()
 6 APPPATH/Controllers/Home.php(9): view()
 7 SYSTEMPATH/CodeIgniter.php(933): App\Controllers\Home->index()
 8 SYSTEMPATH/CodeIgniter.php(509): CodeIgniter\CodeIgniter->runController()
 9 SYSTEMPATH/CodeIgniter.php(355): CodeIgniter\CodeIgniter->handleRequest()
10 SYSTEMPATH/Boot.php(325): CodeIgniter\CodeIgniter->run()
11 SYSTEMPATH/Boot.php(67): CodeIgniter\Boot::runCodeIgniter()
12 FCPATH/index.php(56): CodeIgniter\Boot::bootWeb()
13 SYSTEMPATH/rewrite.php(44): require_once('/home/mift4hus/Documents/kerjoan/satoshi-signal/public/index.php')
CRITICAL - 2024-12-18 05:32:26 --> ErrorException: Undefined variable $title
[Method: GET, Route: /]
in APPPATH/Views/homepage/layout/header.php on line 7.
 1 APPPATH/Views/homepage/layout/header.php(7): CodeIgniter\Debug\Exceptions->errorHandler()
 2 APPPATH/Views/homepage/layout/wrapper.php(2): require_once('/home/mift4hus/Documents/kerjoan/satoshi-signal/app/Views/homepage/layout/header.php')
 3 SYSTEMPATH/View/View.php(234): include('/home/mift4hus/Documents/kerjoan/satoshi-signal/app/Views/homepage/layout/wrapper.php')
 4 SYSTEMPATH/View/View.php(237): CodeIgniter\View\View->CodeIgniter\View\{closure}()
 5 SYSTEMPATH/Common.php(1171): CodeIgniter\View\View->render()
 6 APPPATH/Controllers/Home.php(9): view()
 7 SYSTEMPATH/CodeIgniter.php(933): App\Controllers\Home->index()
 8 SYSTEMPATH/CodeIgniter.php(509): CodeIgniter\CodeIgniter->runController()
 9 SYSTEMPATH/CodeIgniter.php(355): CodeIgniter\CodeIgniter->handleRequest()
10 SYSTEMPATH/Boot.php(325): CodeIgniter\CodeIgniter->run()
11 SYSTEMPATH/Boot.php(67): CodeIgniter\Boot::runCodeIgniter()
12 FCPATH/index.php(56): CodeIgniter\Boot::bootWeb()
13 SYSTEMPATH/rewrite.php(44): require_once('/home/mift4hus/Documents/kerjoan/satoshi-signal/public/index.php')
CRITICAL - 2024-12-18 05:32:26 --> ErrorException: Undefined variable $title
[Method: GET, Route: /]
in APPPATH/Views/homepage/layout/header.php on line 7.
 1 APPPATH/Views/homepage/layout/header.php(7): CodeIgniter\Debug\Exceptions->errorHandler()
 2 APPPATH/Views/homepage/layout/wrapper.php(2): require_once('/home/mift4hus/Documents/kerjoan/satoshi-signal/app/Views/homepage/layout/header.php')
 3 SYSTEMPATH/View/View.php(234): include('/home/mift4hus/Documents/kerjoan/satoshi-signal/app/Views/homepage/layout/wrapper.php')
 4 SYSTEMPATH/View/View.php(237): CodeIgniter\View\View->CodeIgniter\View\{closure}()
 5 SYSTEMPATH/Common.php(1171): CodeIgniter\View\View->render()
 6 APPPATH/Controllers/Home.php(9): view()
 7 SYSTEMPATH/CodeIgniter.php(933): App\Controllers\Home->index()
 8 SYSTEMPATH/CodeIgniter.php(509): CodeIgniter\CodeIgniter->runController()
 9 SYSTEMPATH/CodeIgniter.php(355): CodeIgniter\CodeIgniter->handleRequest()
10 SYSTEMPATH/Boot.php(325): CodeIgniter\CodeIgniter->run()
11 SYSTEMPATH/Boot.php(67): CodeIgniter\Boot::runCodeIgniter()
12 FCPATH/index.php(56): CodeIgniter\Boot::bootWeb()
13 SYSTEMPATH/rewrite.php(44): require_once('/home/mift4hus/Documents/kerjoan/satoshi-signal/public/index.php')
CRITICAL - 2024-12-18 05:32:27 --> ErrorException: Undefined variable $title
[Method: GET, Route: /]
in APPPATH/Views/homepage/layout/header.php on line 7.
 1 APPPATH/Views/homepage/layout/header.php(7): CodeIgniter\Debug\Exceptions->errorHandler()
 2 APPPATH/Views/homepage/layout/wrapper.php(2): require_once('/home/mift4hus/Documents/kerjoan/satoshi-signal/app/Views/homepage/layout/header.php')
 3 SYSTEMPATH/View/View.php(234): include('/home/mift4hus/Documents/kerjoan/satoshi-signal/app/Views/homepage/layout/wrapper.php')
 4 SYSTEMPATH/View/View.php(237): CodeIgniter\View\View->CodeIgniter\View\{closure}()
 5 SYSTEMPATH/Common.php(1171): CodeIgniter\View\View->render()
 6 APPPATH/Controllers/Home.php(9): view()
 7 SYSTEMPATH/CodeIgniter.php(933): App\Controllers\Home->index()
 8 SYSTEMPATH/CodeIgniter.php(509): CodeIgniter\CodeIgniter->runController()
 9 SYSTEMPATH/CodeIgniter.php(355): CodeIgniter\CodeIgniter->handleRequest()
10 SYSTEMPATH/Boot.php(325): CodeIgniter\CodeIgniter->run()
11 SYSTEMPATH/Boot.php(67): CodeIgniter\Boot::runCodeIgniter()
12 FCPATH/index.php(56): CodeIgniter\Boot::bootWeb()
13 SYSTEMPATH/rewrite.php(44): require_once('/home/mift4hus/Documents/kerjoan/satoshi-signal/public/index.php')
CRITICAL - 2024-12-18 05:32:27 --> ErrorException: Undefined variable $title
[Method: GET, Route: /]
in APPPATH/Views/homepage/layout/header.php on line 7.
 1 APPPATH/Views/homepage/layout/header.php(7): CodeIgniter\Debug\Exceptions->errorHandler()
 2 APPPATH/Views/homepage/layout/wrapper.php(2): require_once('/home/mift4hus/Documents/kerjoan/satoshi-signal/app/Views/homepage/layout/header.php')
 3 SYSTEMPATH/View/View.php(234): include('/home/mift4hus/Documents/kerjoan/satoshi-signal/app/Views/homepage/layout/wrapper.php')
 4 SYSTEMPATH/View/View.php(237): CodeIgniter\View\View->CodeIgniter\View\{closure}()
 5 SYSTEMPATH/Common.php(1171): CodeIgniter\View\View->render()
 6 APPPATH/Controllers/Home.php(9): view()
 7 SYSTEMPATH/CodeIgniter.php(933): App\Controllers\Home->index()
 8 SYSTEMPATH/CodeIgniter.php(509): CodeIgniter\CodeIgniter->runController()
 9 SYSTEMPATH/CodeIgniter.php(355): CodeIgniter\CodeIgniter->handleRequest()
10 SYSTEMPATH/Boot.php(325): CodeIgniter\CodeIgniter->run()
11 SYSTEMPATH/Boot.php(67): CodeIgniter\Boot::runCodeIgniter()
12 FCPATH/index.php(56): CodeIgniter\Boot::bootWeb()
13 SYSTEMPATH/rewrite.php(44): require_once('/home/mift4hus/Documents/kerjoan/satoshi-signal/public/index.php')
CRITICAL - 2024-12-18 05:32:27 --> ErrorException: Undefined variable $title
[Method: GET, Route: /]
in APPPATH/Views/homepage/layout/header.php on line 7.
 1 APPPATH/Views/homepage/layout/header.php(7): CodeIgniter\Debug\Exceptions->errorHandler()
 2 APPPATH/Views/homepage/layout/wrapper.php(2): require_once('/home/mift4hus/Documents/kerjoan/satoshi-signal/app/Views/homepage/layout/header.php')
 3 SYSTEMPATH/View/View.php(234): include('/home/mift4hus/Documents/kerjoan/satoshi-signal/app/Views/homepage/layout/wrapper.php')
 4 SYSTEMPATH/View/View.php(237): CodeIgniter\View\View->CodeIgniter\View\{closure}()
 5 SYSTEMPATH/Common.php(1171): CodeIgniter\View\View->render()
 6 APPPATH/Controllers/Home.php(9): view()
 7 SYSTEMPATH/CodeIgniter.php(933): App\Controllers\Home->index()
 8 SYSTEMPATH/CodeIgniter.php(509): CodeIgniter\CodeIgniter->runController()
 9 SYSTEMPATH/CodeIgniter.php(355): CodeIgniter\CodeIgniter->handleRequest()
10 SYSTEMPATH/Boot.php(325): CodeIgniter\CodeIgniter->run()
11 SYSTEMPATH/Boot.php(67): CodeIgniter\Boot::runCodeIgniter()
12 FCPATH/index.php(56): CodeIgniter\Boot::bootWeb()
13 SYSTEMPATH/rewrite.php(44): require_once('/home/mift4hus/Documents/kerjoan/satoshi-signal/public/index.php')
CRITICAL - 2024-12-18 05:32:27 --> ErrorException: Undefined variable $title
[Method: GET, Route: /]
in APPPATH/Views/homepage/layout/header.php on line 7.
 1 APPPATH/Views/homepage/layout/header.php(7): CodeIgniter\Debug\Exceptions->errorHandler()
 2 APPPATH/Views/homepage/layout/wrapper.php(2): require_once('/home/mift4hus/Documents/kerjoan/satoshi-signal/app/Views/homepage/layout/header.php')
 3 SYSTEMPATH/View/View.php(234): include('/home/mift4hus/Documents/kerjoan/satoshi-signal/app/Views/homepage/layout/wrapper.php')
 4 SYSTEMPATH/View/View.php(237): CodeIgniter\View\View->CodeIgniter\View\{closure}()
 5 SYSTEMPATH/Common.php(1171): CodeIgniter\View\View->render()
 6 APPPATH/Controllers/Home.php(9): view()
 7 SYSTEMPATH/CodeIgniter.php(933): App\Controllers\Home->index()
 8 SYSTEMPATH/CodeIgniter.php(509): CodeIgniter\CodeIgniter->runController()
 9 SYSTEMPATH/CodeIgniter.php(355): CodeIgniter\CodeIgniter->handleRequest()
10 SYSTEMPATH/Boot.php(325): CodeIgniter\CodeIgniter->run()
11 SYSTEMPATH/Boot.php(67): CodeIgniter\Boot::runCodeIgniter()
12 FCPATH/index.php(56): CodeIgniter\Boot::bootWeb()
13 SYSTEMPATH/rewrite.php(44): require_once('/home/mift4hus/Documents/kerjoan/satoshi-signal/public/index.php')
CRITICAL - 2024-12-18 05:34:26 --> ErrorException: Undefined variable $title
[Method: GET, Route: /]
in APPPATH/Views/homepage/layout/header.php on line 7.
 1 APPPATH/Views/homepage/layout/header.php(7): CodeIgniter\Debug\Exceptions->errorHandler()
 2 APPPATH/Views/homepage/layout/wrapper.php(2): require_once('/home/mift4hus/Documents/kerjoan/satoshi-signal/app/Views/homepage/layout/header.php')
 3 SYSTEMPATH/View/View.php(234): include('/home/mift4hus/Documents/kerjoan/satoshi-signal/app/Views/homepage/layout/wrapper.php')
 4 SYSTEMPATH/View/View.php(237): CodeIgniter\View\View->CodeIgniter\View\{closure}()
 5 SYSTEMPATH/Common.php(1171): CodeIgniter\View\View->render()
 6 APPPATH/Controllers/Home.php(9): view()
 7 SYSTEMPATH/CodeIgniter.php(933): App\Controllers\Home->index()
 8 SYSTEMPATH/CodeIgniter.php(509): CodeIgniter\CodeIgniter->runController()
 9 SYSTEMPATH/CodeIgniter.php(355): CodeIgniter\CodeIgniter->handleRequest()
10 SYSTEMPATH/Boot.php(325): CodeIgniter\CodeIgniter->run()
11 SYSTEMPATH/Boot.php(67): CodeIgniter\Boot::runCodeIgniter()
12 FCPATH/index.php(56): CodeIgniter\Boot::bootWeb()
13 SYSTEMPATH/rewrite.php(44): require_once('/home/mift4hus/Documents/kerjoan/satoshi-signal/public/index.php')
CRITICAL - 2024-12-18 05:34:26 --> ErrorException: Undefined variable $title
[Method: GET, Route: /]
in APPPATH/Views/homepage/layout/header.php on line 7.
 1 APPPATH/Views/homepage/layout/header.php(7): CodeIgniter\Debug\Exceptions->errorHandler()
 2 APPPATH/Views/homepage/layout/wrapper.php(2): require_once('/home/mift4hus/Documents/kerjoan/satoshi-signal/app/Views/homepage/layout/header.php')
 3 SYSTEMPATH/View/View.php(234): include('/home/mift4hus/Documents/kerjoan/satoshi-signal/app/Views/homepage/layout/wrapper.php')
 4 SYSTEMPATH/View/View.php(237): CodeIgniter\View\View->CodeIgniter\View\{closure}()
 5 SYSTEMPATH/Common.php(1171): CodeIgniter\View\View->render()
 6 APPPATH/Controllers/Home.php(9): view()
 7 SYSTEMPATH/CodeIgniter.php(933): App\Controllers\Home->index()
 8 SYSTEMPATH/CodeIgniter.php(509): CodeIgniter\CodeIgniter->runController()
 9 SYSTEMPATH/CodeIgniter.php(355): CodeIgniter\CodeIgniter->handleRequest()
10 SYSTEMPATH/Boot.php(325): CodeIgniter\CodeIgniter->run()
11 SYSTEMPATH/Boot.php(67): CodeIgniter\Boot::runCodeIgniter()
12 FCPATH/index.php(56): CodeIgniter\Boot::bootWeb()
13 SYSTEMPATH/rewrite.php(44): require_once('/home/mift4hus/Documents/kerjoan/satoshi-signal/public/index.php')
CRITICAL - 2024-12-18 05:36:07 --> ErrorException: Undefined variable $title
[Method: GET, Route: /]
in APPPATH/Views/homepage/layout/header.php on line 7.
 1 APPPATH/Views/homepage/layout/header.php(7): CodeIgniter\Debug\Exceptions->errorHandler()
 2 APPPATH/Views/homepage/layout/wrapper.php(2): require_once('/home/mift4hus/Documents/kerjoan/satoshi-signal/app/Views/homepage/layout/header.php')
 3 SYSTEMPATH/View/View.php(234): include('/home/mift4hus/Documents/kerjoan/satoshi-signal/app/Views/homepage/layout/wrapper.php')
 4 SYSTEMPATH/View/View.php(237): CodeIgniter\View\View->CodeIgniter\View\{closure}()
 5 SYSTEMPATH/Common.php(1171): CodeIgniter\View\View->render()
 6 APPPATH/Controllers/Home.php(9): view()
 7 SYSTEMPATH/CodeIgniter.php(933): App\Controllers\Home->index()
 8 SYSTEMPATH/CodeIgniter.php(509): CodeIgniter\CodeIgniter->runController()
 9 SYSTEMPATH/CodeIgniter.php(355): CodeIgniter\CodeIgniter->handleRequest()
10 SYSTEMPATH/Boot.php(325): CodeIgniter\CodeIgniter->run()
11 SYSTEMPATH/Boot.php(67): CodeIgniter\Boot::runCodeIgniter()
12 FCPATH/index.php(56): CodeIgniter\Boot::bootWeb()
13 SYSTEMPATH/rewrite.php(44): require_once('/home/mift4hus/Documents/kerjoan/satoshi-signal/public/index.php')
CRITICAL - 2024-12-18 05:37:34 --> ErrorException: Undefined variable $title
[Method: GET, Route: /]
in APPPATH/Views/homepage/layout/header.php on line 7.
 1 APPPATH/Views/homepage/layout/header.php(7): CodeIgniter\Debug\Exceptions->errorHandler()
 2 APPPATH/Views/homepage/layout/wrapper.php(2): require_once('/home/mift4hus/Documents/kerjoan/satoshi-signal/app/Views/homepage/layout/header.php')
 3 SYSTEMPATH/View/View.php(234): include('/home/mift4hus/Documents/kerjoan/satoshi-signal/app/Views/homepage/layout/wrapper.php')
 4 SYSTEMPATH/View/View.php(237): CodeIgniter\View\View->CodeIgniter\View\{closure}()
 5 SYSTEMPATH/Common.php(1171): CodeIgniter\View\View->render()
 6 APPPATH/Controllers/Home.php(9): view()
 7 SYSTEMPATH/CodeIgniter.php(933): App\Controllers\Home->index()
 8 SYSTEMPATH/CodeIgniter.php(509): CodeIgniter\CodeIgniter->runController()
 9 SYSTEMPATH/CodeIgniter.php(355): CodeIgniter\CodeIgniter->handleRequest()
10 SYSTEMPATH/Boot.php(325): CodeIgniter\CodeIgniter->run()
11 SYSTEMPATH/Boot.php(67): CodeIgniter\Boot::runCodeIgniter()
12 FCPATH/index.php(56): CodeIgniter\Boot::bootWeb()
13 SYSTEMPATH/rewrite.php(44): require_once('/home/mift4hus/Documents/kerjoan/satoshi-signal/public/index.php')
CRITICAL - 2024-12-18 05:38:07 --> ErrorException: Undefined variable $title
[Method: GET, Route: /]
in APPPATH/Views/homepage/layout/header.php on line 7.
 1 APPPATH/Views/homepage/layout/header.php(7): CodeIgniter\Debug\Exceptions->errorHandler()
 2 APPPATH/Views/homepage/layout/wrapper.php(2): require_once('/home/mift4hus/Documents/kerjoan/satoshi-signal/app/Views/homepage/layout/header.php')
 3 SYSTEMPATH/View/View.php(234): include('/home/mift4hus/Documents/kerjoan/satoshi-signal/app/Views/homepage/layout/wrapper.php')
 4 SYSTEMPATH/View/View.php(237): CodeIgniter\View\View->CodeIgniter\View\{closure}()
 5 SYSTEMPATH/Common.php(1171): CodeIgniter\View\View->render()
 6 APPPATH/Controllers/Home.php(9): view()
 7 SYSTEMPATH/CodeIgniter.php(933): App\Controllers\Home->index()
 8 SYSTEMPATH/CodeIgniter.php(509): CodeIgniter\CodeIgniter->runController()
 9 SYSTEMPATH/CodeIgniter.php(355): CodeIgniter\CodeIgniter->handleRequest()
10 SYSTEMPATH/Boot.php(325): CodeIgniter\CodeIgniter->run()
11 SYSTEMPATH/Boot.php(67): CodeIgniter\Boot::runCodeIgniter()
12 FCPATH/index.php(56): CodeIgniter\Boot::bootWeb()
13 SYSTEMPATH/rewrite.php(44): require_once('/home/mift4hus/Documents/kerjoan/satoshi-signal/public/index.php')
CRITICAL - 2024-12-18 05:38:16 --> ErrorException: Undefined variable $title
[Method: GET, Route: /]
in APPPATH/Views/homepage/layout/header.php on line 7.
 1 APPPATH/Views/homepage/layout/header.php(7): CodeIgniter\Debug\Exceptions->errorHandler()
 2 APPPATH/Views/homepage/layout/wrapper.php(2): require_once('/home/mift4hus/Documents/kerjoan/satoshi-signal/app/Views/homepage/layout/header.php')
 3 SYSTEMPATH/View/View.php(234): include('/home/mift4hus/Documents/kerjoan/satoshi-signal/app/Views/homepage/layout/wrapper.php')
 4 SYSTEMPATH/View/View.php(237): CodeIgniter\View\View->CodeIgniter\View\{closure}()
 5 SYSTEMPATH/Common.php(1171): CodeIgniter\View\View->render()
 6 APPPATH/Controllers/Home.php(9): view()
 7 SYSTEMPATH/CodeIgniter.php(933): App\Controllers\Home->index()
 8 SYSTEMPATH/CodeIgniter.php(509): CodeIgniter\CodeIgniter->runController()
 9 SYSTEMPATH/CodeIgniter.php(355): CodeIgniter\CodeIgniter->handleRequest()
10 SYSTEMPATH/Boot.php(325): CodeIgniter\CodeIgniter->run()
11 SYSTEMPATH/Boot.php(67): CodeIgniter\Boot::runCodeIgniter()
12 FCPATH/index.php(56): CodeIgniter\Boot::bootWeb()
13 SYSTEMPATH/rewrite.php(44): require_once('/home/mift4hus/Documents/kerjoan/satoshi-signal/public/index.php')
CRITICAL - 2024-12-18 05:40:46 --> ErrorException: Undefined variable $title
[Method: GET, Route: /]
in APPPATH/Views/homepage/layout/header.php on line 7.
 1 APPPATH/Views/homepage/layout/header.php(7): CodeIgniter\Debug\Exceptions->errorHandler()
 2 APPPATH/Views/homepage/layout/wrapper.php(2): require_once('/home/mift4hus/Documents/kerjoan/satoshi-signal/app/Views/homepage/layout/header.php')
 3 SYSTEMPATH/View/View.php(234): include('/home/mift4hus/Documents/kerjoan/satoshi-signal/app/Views/homepage/layout/wrapper.php')
 4 SYSTEMPATH/View/View.php(237): CodeIgniter\View\View->CodeIgniter\View\{closure}()
 5 SYSTEMPATH/Common.php(1171): CodeIgniter\View\View->render()
 6 APPPATH/Controllers/Home.php(9): view()
 7 SYSTEMPATH/CodeIgniter.php(933): App\Controllers\Home->index()
 8 SYSTEMPATH/CodeIgniter.php(509): CodeIgniter\CodeIgniter->runController()
 9 SYSTEMPATH/CodeIgniter.php(355): CodeIgniter\CodeIgniter->handleRequest()
10 SYSTEMPATH/Boot.php(325): CodeIgniter\CodeIgniter->run()
11 SYSTEMPATH/Boot.php(67): CodeIgniter\Boot::runCodeIgniter()
12 FCPATH/index.php(56): CodeIgniter\Boot::bootWeb()
13 SYSTEMPATH/rewrite.php(44): require_once('/home/mift4hus/Documents/kerjoan/satoshi-signal/public/index.php')
CRITICAL - 2024-12-18 05:41:22 --> ErrorException: Undefined variable $title
[Method: GET, Route: /]
in APPPATH/Views/homepage/layout/header.php on line 7.
 1 APPPATH/Views/homepage/layout/header.php(7): CodeIgniter\Debug\Exceptions->errorHandler()
 2 APPPATH/Views/homepage/layout/wrapper.php(2): require_once('/home/mift4hus/Documents/kerjoan/satoshi-signal/app/Views/homepage/layout/header.php')
 3 SYSTEMPATH/View/View.php(234): include('/home/mift4hus/Documents/kerjoan/satoshi-signal/app/Views/homepage/layout/wrapper.php')
 4 SYSTEMPATH/View/View.php(237): CodeIgniter\View\View->CodeIgniter\View\{closure}()
 5 SYSTEMPATH/Common.php(1171): CodeIgniter\View\View->render()
 6 APPPATH/Controllers/Home.php(9): view()
 7 SYSTEMPATH/CodeIgniter.php(933): App\Controllers\Home->index()
 8 SYSTEMPATH/CodeIgniter.php(509): CodeIgniter\CodeIgniter->runController()
 9 SYSTEMPATH/CodeIgniter.php(355): CodeIgniter\CodeIgniter->handleRequest()
10 SYSTEMPATH/Boot.php(325): CodeIgniter\CodeIgniter->run()
11 SYSTEMPATH/Boot.php(67): CodeIgniter\Boot::runCodeIgniter()
12 FCPATH/index.php(56): CodeIgniter\Boot::bootWeb()
13 SYSTEMPATH/rewrite.php(44): require_once('/home/mift4hus/Documents/kerjoan/satoshi-signal/public/index.php')
CRITICAL - 2024-12-18 05:41:22 --> ErrorException: Undefined variable $title
[Method: GET, Route: /]
in APPPATH/Views/homepage/layout/header.php on line 7.
 1 APPPATH/Views/homepage/layout/header.php(7): CodeIgniter\Debug\Exceptions->errorHandler()
 2 APPPATH/Views/homepage/layout/wrapper.php(2): require_once('/home/mift4hus/Documents/kerjoan/satoshi-signal/app/Views/homepage/layout/header.php')
 3 SYSTEMPATH/View/View.php(234): include('/home/mift4hus/Documents/kerjoan/satoshi-signal/app/Views/homepage/layout/wrapper.php')
 4 SYSTEMPATH/View/View.php(237): CodeIgniter\View\View->CodeIgniter\View\{closure}()
 5 SYSTEMPATH/Common.php(1171): CodeIgniter\View\View->render()
 6 APPPATH/Controllers/Home.php(9): view()
 7 SYSTEMPATH/CodeIgniter.php(933): App\Controllers\Home->index()
 8 SYSTEMPATH/CodeIgniter.php(509): CodeIgniter\CodeIgniter->runController()
 9 SYSTEMPATH/CodeIgniter.php(355): CodeIgniter\CodeIgniter->handleRequest()
10 SYSTEMPATH/Boot.php(325): CodeIgniter\CodeIgniter->run()
11 SYSTEMPATH/Boot.php(67): CodeIgniter\Boot::runCodeIgniter()
12 FCPATH/index.php(56): CodeIgniter\Boot::bootWeb()
13 SYSTEMPATH/rewrite.php(44): require_once('/home/mift4hus/Documents/kerjoan/satoshi-signal/public/index.php')
CRITICAL - 2024-12-18 05:41:23 --> ErrorException: Undefined variable $title
[Method: GET, Route: /]
in APPPATH/Views/homepage/layout/header.php on line 7.
 1 APPPATH/Views/homepage/layout/header.php(7): CodeIgniter\Debug\Exceptions->errorHandler()
 2 APPPATH/Views/homepage/layout/wrapper.php(2): require_once('/home/mift4hus/Documents/kerjoan/satoshi-signal/app/Views/homepage/layout/header.php')
 3 SYSTEMPATH/View/View.php(234): include('/home/mift4hus/Documents/kerjoan/satoshi-signal/app/Views/homepage/layout/wrapper.php')
 4 SYSTEMPATH/View/View.php(237): CodeIgniter\View\View->CodeIgniter\View\{closure}()
 5 SYSTEMPATH/Common.php(1171): CodeIgniter\View\View->render()
 6 APPPATH/Controllers/Home.php(9): view()
 7 SYSTEMPATH/CodeIgniter.php(933): App\Controllers\Home->index()
 8 SYSTEMPATH/CodeIgniter.php(509): CodeIgniter\CodeIgniter->runController()
 9 SYSTEMPATH/CodeIgniter.php(355): CodeIgniter\CodeIgniter->handleRequest()
10 SYSTEMPATH/Boot.php(325): CodeIgniter\CodeIgniter->run()
11 SYSTEMPATH/Boot.php(67): CodeIgniter\Boot::runCodeIgniter()
12 FCPATH/index.php(56): CodeIgniter\Boot::bootWeb()
13 SYSTEMPATH/rewrite.php(44): require_once('/home/mift4hus/Documents/kerjoan/satoshi-signal/public/index.php')
CRITICAL - 2024-12-18 05:41:23 --> ErrorException: Undefined variable $title
[Method: GET, Route: /]
in APPPATH/Views/homepage/layout/header.php on line 7.
 1 APPPATH/Views/homepage/layout/header.php(7): CodeIgniter\Debug\Exceptions->errorHandler()
 2 APPPATH/Views/homepage/layout/wrapper.php(2): require_once('/home/mift4hus/Documents/kerjoan/satoshi-signal/app/Views/homepage/layout/header.php')
 3 SYSTEMPATH/View/View.php(234): include('/home/mift4hus/Documents/kerjoan/satoshi-signal/app/Views/homepage/layout/wrapper.php')
 4 SYSTEMPATH/View/View.php(237): CodeIgniter\View\View->CodeIgniter\View\{closure}()
 5 SYSTEMPATH/Common.php(1171): CodeIgniter\View\View->render()
 6 APPPATH/Controllers/Home.php(9): view()
 7 SYSTEMPATH/CodeIgniter.php(933): App\Controllers\Home->index()
 8 SYSTEMPATH/CodeIgniter.php(509): CodeIgniter\CodeIgniter->runController()
 9 SYSTEMPATH/CodeIgniter.php(355): CodeIgniter\CodeIgniter->handleRequest()
10 SYSTEMPATH/Boot.php(325): CodeIgniter\CodeIgniter->run()
11 SYSTEMPATH/Boot.php(67): CodeIgniter\Boot::runCodeIgniter()
12 FCPATH/index.php(56): CodeIgniter\Boot::bootWeb()
13 SYSTEMPATH/rewrite.php(44): require_once('/home/mift4hus/Documents/kerjoan/satoshi-signal/public/index.php')
CRITICAL - 2024-12-18 05:41:23 --> ErrorException: Undefined variable $title
[Method: GET, Route: /]
in APPPATH/Views/homepage/layout/header.php on line 7.
 1 APPPATH/Views/homepage/layout/header.php(7): CodeIgniter\Debug\Exceptions->errorHandler()
 2 APPPATH/Views/homepage/layout/wrapper.php(2): require_once('/home/mift4hus/Documents/kerjoan/satoshi-signal/app/Views/homepage/layout/header.php')
 3 SYSTEMPATH/View/View.php(234): include('/home/mift4hus/Documents/kerjoan/satoshi-signal/app/Views/homepage/layout/wrapper.php')
 4 SYSTEMPATH/View/View.php(237): CodeIgniter\View\View->CodeIgniter\View\{closure}()
 5 SYSTEMPATH/Common.php(1171): CodeIgniter\View\View->render()
 6 APPPATH/Controllers/Home.php(9): view()
 7 SYSTEMPATH/CodeIgniter.php(933): App\Controllers\Home->index()
 8 SYSTEMPATH/CodeIgniter.php(509): CodeIgniter\CodeIgniter->runController()
 9 SYSTEMPATH/CodeIgniter.php(355): CodeIgniter\CodeIgniter->handleRequest()
10 SYSTEMPATH/Boot.php(325): CodeIgniter\CodeIgniter->run()
11 SYSTEMPATH/Boot.php(67): CodeIgniter\Boot::runCodeIgniter()
12 FCPATH/index.php(56): CodeIgniter\Boot::bootWeb()
13 SYSTEMPATH/rewrite.php(44): require_once('/home/mift4hus/Documents/kerjoan/satoshi-signal/public/index.php')
CRITICAL - 2024-12-18 05:41:23 --> ErrorException: Undefined variable $title
[Method: GET, Route: /]
in APPPATH/Views/homepage/layout/header.php on line 7.
 1 APPPATH/Views/homepage/layout/header.php(7): CodeIgniter\Debug\Exceptions->errorHandler()
 2 APPPATH/Views/homepage/layout/wrapper.php(2): require_once('/home/mift4hus/Documents/kerjoan/satoshi-signal/app/Views/homepage/layout/header.php')
 3 SYSTEMPATH/View/View.php(234): include('/home/mift4hus/Documents/kerjoan/satoshi-signal/app/Views/homepage/layout/wrapper.php')
 4 SYSTEMPATH/View/View.php(237): CodeIgniter\View\View->CodeIgniter\View\{closure}()
 5 SYSTEMPATH/Common.php(1171): CodeIgniter\View\View->render()
 6 APPPATH/Controllers/Home.php(9): view()
 7 SYSTEMPATH/CodeIgniter.php(933): App\Controllers\Home->index()
 8 SYSTEMPATH/CodeIgniter.php(509): CodeIgniter\CodeIgniter->runController()
 9 SYSTEMPATH/CodeIgniter.php(355): CodeIgniter\CodeIgniter->handleRequest()
10 SYSTEMPATH/Boot.php(325): CodeIgniter\CodeIgniter->run()
11 SYSTEMPATH/Boot.php(67): CodeIgniter\Boot::runCodeIgniter()
12 FCPATH/index.php(56): CodeIgniter\Boot::bootWeb()
13 SYSTEMPATH/rewrite.php(44): require_once('/home/mift4hus/Documents/kerjoan/satoshi-signal/public/index.php')
CRITICAL - 2024-12-18 05:49:20 --> Error: Undefined constant "IDGTAG"
[Method: GET, Route: /]
in APPPATH/Views/homepage/layout/footer.php on line 298.
 1 APPPATH/Views/homepage/layout/wrapper.php(6): require_once()
 2 SYSTEMPATH/View/View.php(234): include('/home/mift4hus/Documents/kerjoan/satoshi-signal/app/Views/homepage/layout/wrapper.php')
 3 SYSTEMPATH/View/View.php(237): CodeIgniter\View\View->CodeIgniter\View\{closure}()
 4 SYSTEMPATH/Common.php(1171): CodeIgniter\View\View->render()
 5 APPPATH/Controllers/Home.php(13): view()
 6 SYSTEMPATH/CodeIgniter.php(933): App\Controllers\Home->index()
 7 SYSTEMPATH/CodeIgniter.php(509): CodeIgniter\CodeIgniter->runController()
 8 SYSTEMPATH/CodeIgniter.php(355): CodeIgniter\CodeIgniter->handleRequest()
 9 SYSTEMPATH/Boot.php(325): CodeIgniter\CodeIgniter->run()
10 SYSTEMPATH/Boot.php(67): CodeIgniter\Boot::runCodeIgniter()
11 FCPATH/index.php(56): CodeIgniter\Boot::bootWeb()
12 SYSTEMPATH/rewrite.php(44): require_once('/home/mift4hus/Documents/kerjoan/satoshi-signal/public/index.php')
CRITICAL - 2024-12-18 05:50:34 --> Error: Undefined constant "IDGTAG"
[Method: GET, Route: /]
in APPPATH/Views/homepage/layout/footer.php on line 298.
 1 APPPATH/Views/homepage/layout/wrapper.php(6): require_once()
 2 SYSTEMPATH/View/View.php(234): include('/home/mift4hus/Documents/kerjoan/satoshi-signal/app/Views/homepage/layout/wrapper.php')
 3 SYSTEMPATH/View/View.php(237): CodeIgniter\View\View->CodeIgniter\View\{closure}()
 4 SYSTEMPATH/Common.php(1171): CodeIgniter\View\View->render()
 5 APPPATH/Controllers/Home.php(13): view()
 6 SYSTEMPATH/CodeIgniter.php(933): App\Controllers\Home->index()
 7 SYSTEMPATH/CodeIgniter.php(509): CodeIgniter\CodeIgniter->runController()
 8 SYSTEMPATH/CodeIgniter.php(355): CodeIgniter\CodeIgniter->handleRequest()
 9 SYSTEMPATH/Boot.php(325): CodeIgniter\CodeIgniter->run()
10 SYSTEMPATH/Boot.php(67): CodeIgniter\Boot::runCodeIgniter()
11 FCPATH/index.php(56): CodeIgniter\Boot::bootWeb()
12 SYSTEMPATH/rewrite.php(44): require_once('/home/mift4hus/Documents/kerjoan/satoshi-signal/public/index.php')
CRITICAL - 2024-12-18 06:06:28 --> CodeIgniter\View\Exceptions\ViewException: Invalid file: "homepage/index.php"
[Method: GET, Route: /]
in SYSTEMPATH/Exceptions/FrameworkException.php on line 41.
 1 SYSTEMPATH/View/View.php(222): CodeIgniter\Exceptions\FrameworkException::forInvalidFile()
 2 SYSTEMPATH/Common.php(1171): CodeIgniter\View\View->render()
 3 APPPATH/Views/homepage/layout/wrapper.php(4): view()
 4 SYSTEMPATH/View/View.php(234): include('/home/mift4hus/Documents/kerjoan/satoshi-signal/app/Views/homepage/layout/wrapper.php')
 5 SYSTEMPATH/View/View.php(237): CodeIgniter\View\View->CodeIgniter\View\{closure}()
 6 SYSTEMPATH/Common.php(1171): CodeIgniter\View\View->render()
 7 APPPATH/Controllers/Home.php(14): view()
 8 SYSTEMPATH/CodeIgniter.php(933): App\Controllers\Home->index()
 9 SYSTEMPATH/CodeIgniter.php(509): CodeIgniter\CodeIgniter->runController()
10 SYSTEMPATH/CodeIgniter.php(355): CodeIgniter\CodeIgniter->handleRequest()
11 SYSTEMPATH/Boot.php(325): CodeIgniter\CodeIgniter->run()
12 SYSTEMPATH/Boot.php(67): CodeIgniter\Boot::runCodeIgniter()
13 FCPATH/index.php(56): CodeIgniter\Boot::bootWeb()
14 SYSTEMPATH/rewrite.php(44): require_once('/home/mift4hus/Documents/kerjoan/satoshi-signal/public/index.php')
